This is pdfeTeXk, Version 3.141592-1.21a-2.2 (Web2C 7.5.4) (format=latex 2008.4.22)  23 APR 2008 00:03
entering extended mode
 file:line:error style messages enabled.
 %&-line parsing enabled.
**mert_smoothing
(./mert_smoothing.tex
LaTeX2e <2003/12/01>
Babel <v3.8d> and hyphenation patterns for american, french, german, ngerman, b
ahasa, basque, bulgarian, catalan, croatian, czech, danish, dutch, esperanto, e
stonian, finnish, greek, icelandic, irish, italian, latin, magyar, norsk, polis
h, portuges, romanian, russian, serbian, slovak, slovene, spanish, swedish, tur
kish, ukrainian, nohyphenation, loaded.
(/usr/share/texmf/tex/latex/base/article.cls
Document Class: article 2004/02/16 v1.4f Standard LaTeX document class
(/usr/share/texmf/tex/latex/base/size11.clo
File: size11.clo 2004/02/16 v1.4f Standard LaTeX file (size option)
)
\c@part=\count79
\c@section=\count80
\c@subsection=\count81
\c@subsubsection=\count82
\c@paragraph=\count83
\c@subparagraph=\count84
\c@figure=\count85
\c@table=\count86
\abovecaptionskip=\skip41
\belowcaptionskip=\skip42
\bibindent=\dimen102
) (./acl08.sty
Conference Style for ACL 2005 -- released Octobe 11, 2004
\titlebox=\skip43
) (/usr/share/texmf/tex/latex/psnfss/times.sty
Package: times 2004/09/15 PSNFSS-v9.2 (SPQR) 
)
(/usr/share/texmf/tex/latex/base/latexsym.sty
Package: latexsym 1998/08/17 v2.2e Standard LaTeX package (lasy symbols)
\symlasy=\mathgroup4
LaTeX Font Info:    Overwriting symbol font `lasy' in version `bold'
(Font)                  U/lasy/m/n --> U/lasy/b/n on input line 47.
) (./mlapa.sty
\bibhang=\skip44
\c@myfoo=\count87
)
(/usr/share/texmf/tex/latex/amsmath/amsmath.sty
Package: amsmath 2000/07/18 v2.13 AMS math features
\@mathmargin=\skip45

For additional information on amsmath, use the `?' option.
(/usr/share/texmf/tex/latex/amsmath/amstext.sty
Package: amstext 2000/06/29 v2.01

(/usr/share/texmf/tex/latex/amsmath/amsgen.sty
File: amsgen.sty 1999/11/30 v2.0
\@emptytoks=\toks14
\ex@=\dimen103
))
(/usr/share/texmf/tex/latex/amsmath/amsbsy.sty
Package: amsbsy 1999/11/29 v1.2d
\pmbraise@=\dimen104
)
(/usr/share/texmf/tex/latex/amsmath/amsopn.sty
Package: amsopn 1999/12/14 v2.01 operator names
)
\inf@bad=\count88
LaTeX Info: Redefining \frac on input line 211.
\uproot@=\count89
\leftroot@=\count90
LaTeX Info: Redefining \overline on input line 307.
\classnum@=\count91
\DOTSCASE@=\count92
LaTeX Info: Redefining \ldots on input line 379.
LaTeX Info: Redefining \dots on input line 382.
LaTeX Info: Redefining \cdots on input line 467.
\Mathstrutbox@=\box26
\strutbox@=\box27
\big@size=\dimen105
LaTeX Font Info:    Redeclaring font encoding OML on input line 567.
LaTeX Font Info:    Redeclaring font encoding OMS on input line 568.
\macc@depth=\count93
\c@MaxMatrixCols=\count94
\dotsspace@=\muskip10
\c@parentequation=\count95
\dspbrk@lvl=\count96
\tag@help=\toks15
\row@=\count97
\column@=\count98
\maxfields@=\count99
\andhelp@=\toks16
\eqnshift@=\dimen106
\alignsep@=\dimen107
\tagshift@=\dimen108
\tagwidth@=\dimen109
\totwidth@=\dimen110
\lineht@=\dimen111
\@envbody=\toks17
\multlinegap=\skip46
\multlinetaggap=\skip47
\mathdisplay@stack=\toks18
LaTeX Info: Redefining \[ on input line 2666.
LaTeX Info: Redefining \] on input line 2667.
)
(/usr/share/texmf/tex/latex/amscls/amsthm.sty
Package: amsthm 2004/08/06 v2.20
\thm@style=\toks19
\thm@bodyfont=\toks20
\thm@headfont=\toks21
\thm@notefont=\toks22
\thm@headpunct=\toks23
\thm@preskip=\skip48
\thm@postskip=\skip49
\thm@headsep=\skip50
\dth@everypar=\toks24
)
(/usr/share/texmf/tex/latex/amsfonts/amssymb.sty
Package: amssymb 2002/01/22 v2.2d

(/usr/share/texmf/tex/latex/amsfonts/amsfonts.sty
Package: amsfonts 2001/10/25 v2.2f
\symAMSa=\mathgroup5
\symAMSb=\mathgroup6
LaTeX Font Info:    Overwriting math alphabet `\mathfrak' in version `bold'
(Font)                  U/euf/m/n --> U/euf/b/n on input line 132.
))
(/usr/share/texmf/tex/generic/epsf/epsf.tex
This is `epsf.tex' v2.7k <10 July 1997>
\epsffilein=\read1
\epsfframemargin=\dimen112
\epsfframethickness=\dimen113
\epsfrsize=\dimen114
\epsftmp=\dimen115
\epsftsize=\dimen116
\epsfxsize=\dimen117
\epsfysize=\dimen118
\pspoints=\dimen119
\epsfnoopenhelp=\toks25
) (/usr/share/texmf/tex/latex/graphics/graphicx.sty
Package: graphicx 1999/02/16 v1.0f Enhanced LaTeX Graphics (DPC,SPQR)

(/usr/share/texmf/tex/latex/graphics/keyval.sty
Package: keyval 1999/03/16 v1.13 key=value parser (DPC)
\KV@toks@=\toks26
)
(/usr/share/texmf/tex/latex/graphics/graphics.sty
Package: graphics 2001/07/07 v1.0n Standard LaTeX Graphics (DPC,SPQR)

(/usr/share/texmf/tex/latex/graphics/trig.sty
Package: trig 1999/03/16 v1.09 sin cos tan (DPC)
)
(/usr/share/texmf/tex/latex/graphics/graphics.cfg
File: graphics.cfg 2005/02/03 v1.3 graphics configuration of teTeX/TeXLive
)
Package graphics Info: Driver file: dvips.def on input line 80.

(/usr/share/texmf/tex/latex/graphics/dvips.def
File: dvips.def 1999/02/16 v3.0i Driver-dependant file (DPC,SPQR)
))
\Gin@req@height=\dimen120
\Gin@req@width=\dimen121
)
(/usr/share/texmf/tex/latex/setspace/setspace.sty
Package: setspace 2000/12/01 6.7 Contributed and Supported LaTeX2e package

Package: `setspace' 6.7 <2000/12/01>
) (./algorithm.sty
Package: algorithm 

Document Style `algorithm' - floating environment
(/usr/share/texmf/tex/latex/float/float.sty
Package: float 2001/11/08 v1.3d Float enhancements (AL)
\c@float@type=\count100
\float@exts=\toks27
\float@box=\box28
\@float@everytoks=\toks28
\@floatcapt=\box29
)
(/usr/share/texmf/tex/latex/base/ifthen.sty
Package: ifthen 2001/05/26 v1.1c Standard LaTeX ifthen package (DPC)
)
\@float@every@algorithm=\toks29
\c@algorithm=\count101
) (./algorithmic.sty
Package: algorithmic 

Document Style `algorithmic' - environment
(/usr/share/texmf/tex/latex/tools/calc.sty
Package: calc 1998/07/07 v4.1b Infix arithmetic (KKT,FJ)
\calc@Acount=\count102
\calc@Bcount=\count103
\calc@Adimen=\dimen122
\calc@Bdimen=\dimen123
\calc@Askip=\skip51
\calc@Bskip=\skip52
LaTeX Info: Redefining \setlength on input line 59.
LaTeX Info: Redefining \addtolength on input line 60.
\calc@denominator=\count104
)
\c@ALC@line=\count105
\c@ALC@rem=\count106
\ALC@tlm=\skip53
) (./mert_smoothing.aux)
\openout1 = `mert_smoothing.aux'.

LaTeX Font Info:    Checking defaults for OML/cmm/m/it on input line 40.
LaTeX Font Info:    ... okay on input line 40.
LaTeX Font Info:    Checking defaults for T1/cmr/m/n on input line 40.
LaTeX Font Info:    ... okay on input line 40.
LaTeX Font Info:    Checking defaults for OT1/cmr/m/n on input line 40.
LaTeX Font Info:    ... okay on input line 40.
LaTeX Font Info:    Checking defaults for OMS/cmsy/m/n on input line 40.
LaTeX Font Info:    ... okay on input line 40.
LaTeX Font Info:    Checking defaults for OMX/cmex/m/n on input line 40.
LaTeX Font Info:    ... okay on input line 40.
LaTeX Font Info:    Checking defaults for U/cmr/m/n on input line 40.
LaTeX Font Info:    ... okay on input line 40.
LaTeX Font Info:    Try loading font information for OT1+ptm on input line 40.

(/usr/share/texmf/tex/latex/psnfss/ot1ptm.fd
File: ot1ptm.fd 2001/06/04 font definitions for OT1/ptm.
)
LaTeX Font Info:    Font shape `OT1/ptm/bx/n' in size <14.4> not available
(Font)              Font shape `OT1/ptm/b/n' tried instead on input line 41.
LaTeX Font Info:    Try loading font information for U+lasy on input line 41.

(/usr/share/texmf/tex/latex/base/ulasy.fd
File: ulasy.fd 1998/08/17 v2.2e LaTeX symbol font definitions
)
LaTeX Font Info:    Try loading font information for U+msa on input line 41.

(/usr/share/texmf/tex/latex/amsfonts/umsa.fd
File: umsa.fd 2002/01/19 v2.2g AMS font definitions
)
LaTeX Font Info:    Try loading font information for U+msb on input line 41.

(/usr/share/texmf/tex/latex/amsfonts/umsb.fd
File: umsb.fd 2002/01/19 v2.2g AMS font definitions
)
LaTeX Font Info:    Font shape `OT1/ptm/bx/n' in size <12> not available
(Font)              Font shape `OT1/ptm/b/n' tried instead on input line 41.
LaTeX Font Info:    Try loading font information for OT1+pcr on input line 41.

(/usr/share/texmf/tex/latex/psnfss/ot1pcr.fd
File: ot1pcr.fd 2001/06/04 font definitions for OT1/pcr.
)
LaTeX Font Info:    Font shape `OT1/ptm/bx/n' in size <10.95> not available
(Font)              Font shape `OT1/ptm/b/n' tried instead on input line 127.
LaTeX Font Info:    Font shape `OT1/ptm/bx/n' in size <10> not available
(Font)              Font shape `OT1/ptm/b/n' tried instead on input line 140.

Underfull \hbox (badness 1565) in paragraph at lines 145--146
\OT1/ptm/m/n/10.95 est scor-ing pair [] for each [], or rather
 []

[1




]
Underfull \hbox (badness 1590) in paragraph at lines 164--165
\OT1/ptm/m/n/10.95 change the score as-signed by [] to
 []


Underfull \hbox (badness 1107) in paragraph at lines 164--165
[]\OT1/ptm/m/n/10.95 , and any given
 []


Underfull \hbox (badness 3189) in paragraph at lines 175--175
[]\OT1/ptm/m/n/10 Figure 1: MERT er-ror sur-face for the can-di-date
 []


Underfull \hbox (badness 1472) in paragraph at lines 175--175
\OT1/ptm/m/n/10 trans-la-tions given in ta-ble 1[]. The re-gions are la-
 []


Underfull \hbox (badness 1264) in paragraph at lines 175--175
\OT1/ptm/m/n/10 well as the re-gions' cor-re-spond-ing ob-jec-tive val-ues,
 []


LaTeX Warning: `h' float specifier changed to `ht'.

[2]
LaTeX Font Info:    Try loading font information for OMS+ptm on input line 228.

 (/usr/share/texmf/tex/latex/psnfss/omsptm.fd
File: omsptm.fd 
)
LaTeX Font Info:    Font shape `OMS/ptm/m/n' in size <10.95> not available
(Font)              Font shape `OMS/cmsy/m/n' tried instead on input line 228.

Overfull \hbox (8.06473pt too wide) in paragraph at lines 236--238
[] []\OT1/ptm/m/n/10.95 best[] = $[][] [] []$ 
 []


Underfull \hbox (badness 1163) in paragraph at lines 256--257
\OT1/ptm/m/n/10.95 Let's as-sume we are ex-am-in-ing two com-pet-ing
 []


Underfull \hbox (badness 1436) in paragraph at lines 256--257
\OT1/ptm/m/n/10.95 trans-la-tion/derivation pairs, [] & [].
 []


Underfull \hbox (badness 4556) in paragraph at lines 256--257
\OT1/ptm/m/n/10.95 Fur-ther, let's say the score as-signed by the
 []


Underfull \hbox (badness 1383) in paragraph at lines 256--257
\OT1/ptm/m/n/10.95 model to [] is greater than [], i.e.
 []


Underfull \hbox (badness 4846) in paragraph at lines 256--257
[]\OT1/ptm/m/n/10.95 . Since the
 []


Underfull \hbox (badness 4084) in paragraph at lines 256--257
\OT1/ptm/m/n/10.95 model's rel-a-tive pref-er-ence for the com-pet-ing
 []


Underfull \hbox (badness 5741) in paragraph at lines 256--257
\OT1/ptm/m/n/10.95 pairs switches as [].
 []


Underfull \hbox (badness 2080) in paragraph at lines 256--257
\OT1/ptm/m/n/10.95 At this par-tic-u-lar point, we have the equal-ity
 []


Overfull \hbox (1.00333pt too wide) in paragraph at lines 256--257
[]\OT1/ptm/m/n/10.95 ,
 []


Underfull \hbox (badness 1325) in paragraph at lines 256--257
\OT1/ptm/m/n/10.95 by the model to the can-di-dates in-ter-sect along
 []

[3]
Underfull \hbox (badness 3930) in paragraph at lines 260--261
\OT1/ptm/m/n/10.95 and search-ing along the [] co-or-di-nate, i.e.
 []


Underfull \hbox (badness 2689) in paragraph at lines 260--261
[]\OT1/ptm/m/n/10.95 , ta-ble 2[] gives the line-
 []


Underfull \vbox (badness 3148) has occurred while \output is active []

 [4]
[5]
Underfull \hbox (badness 2809) in paragraph at lines 341--342
\OT1/ptm/m/n/10.95 rec-tions at ran-dom such that each com-po-nent
 []


Underfull \hbox (badness 1735) in paragraph at lines 341--342
\OT1/ptm/m/n/10.95 is dis-tributed ac-cord-ing to a Gaus-sian[], [] s.t.
 []


Underfull \vbox (badness 1533) has occurred while \output is active []

 [6]
Underfull \vbox (badness 10000) has occurred while \output is active []

 [7]
Overfull \hbox (10.5926pt too wide) in paragraph at lines 441--458
 [] 
 []


Overfull \hbox (10.5926pt too wide) in paragraph at lines 486--503
 [] 
 []

[8]
Underfull \hbox (badness 1331) in paragraph at lines 528--529
\OT1/ptm/m/n/10.95 cur-rently look-ing at other sim-i-lar reg-u-lar-iza-tion
 []

(./mert_smoothing.bbl) [9] (./mert_smoothing.aux) ) 
Here is how much of TeX's memory you used:
 2186 strings out of 94501
 25546 string characters out of 1176789
 85930 words of memory out of 1000000
 5291 multiletter control sequences out of 10000+50000
 22496 words of font info for 80 fonts, out of 500000 for 2000
 580 hyphenation exceptions out of 1000
 27i,10n,24p,1738b,532s stack positions out of 1500i,500n,5000p,200000b,5000s

Output written on mert_smoothing.dvi (9 pages, 55840 bytes).
